Tests running in interp:  /usr/bin/tclsh
Tests located in:  /mnt/c/Users/plewe/Documents/GitHub/ConsTcl1/tests
Tests running in:  /mnt/c/Users/plewe/Documents/GitHub/ConsTcl1/tests
Temporary files stored in /mnt/c/Users/plewe/Documents/GitHub/ConsTcl1/tests/tmp
Test files run in separate interpreters
Running tests that match:  *
Skipping test files that match:  l.*.test
Only running test files that match:  *.test
Tests began at Tue Feb 10 21:22:52 CET 2026
constcl00.test
---- initial-1.0 start
---- initial-1.1 start
Warning: files left behind:
	constcl00.test:	outfile.txt outfile.txt~
constcl01.test


/mnt/c/Users/plewe/Documents/GitHub/ConsTcl1/tests/constcl01.test:6: error: test failed: input-2.0 try read
==== input-2.0 try read FAILED
==== Contents of test case:

  ::constcl::display [::constcl::read $p]
  ::constcl::display [::constcl::read $p]

---- Test setup failed:
open-input-file: could not open file tests/tmp/input.txt
---- errorInfo(setup): open-input-file: could not open file tests/tmp/input.txt
    while executing
"::error $msg"
    (procedure "error" line 9)
    invoked from within
"error "open-input-file: [cnof] $fn""
    (procedure "::constcl::open-input-file" line 6)
    invoked from within
"$pr {*}[splitlist $vals]"
    (procedure "invoke" line 8)
    invoked from within
"invoke $hinfo [eval-list $args $env]"
    (procedure "eval-form" line 14)
    invoked from within
"eval-form $expr $env"
    (procedure "::constcl::eval" line 7)
    invoked from within
"::constcl::eval [parse $str] $env"
    (procedure "pe" line 2)
    invoked from within
"pe "(open-input-file \"tests/tmp/input.txt\")""
    ("uplevel" body line 3)
    invoked from within
"uplevel 1 $setup"
---- errorCode(setup): NONE
---- Output was:

---- Output should have been (exact matching):
99foo
---- Test cleanup failed:
can't read "p": no such variable
---- errorInfo(cleanup): can't read "p": no such variable
    while executing
"::constcl::close-input-port $p"
    ("uplevel" body line 2)
    invoked from within
"uplevel 1 $cleanup"
---- errorCode(cleanup): TCL LOOKUP VARNAME p
==== input-2.0 FAILED

Warning: files left behind:
	constcl01.test:	outfile.txt outfile.txt~
constcl02.test


/mnt/c/Users/plewe/Documents/GitHub/ConsTcl1/tests/constcl02.test:6: error: test failed: read-12.0 try read-expr on dot expr
==== read-12.0 try read-expr on dot expr FAILED
==== Contents of test case:

    rw $p
    rw $p
    rw $p

---- Test setup failed:
open-input-file: could not open file tests/tmp/testrr.lsp
---- errorInfo(setup): open-input-file: could not open file tests/tmp/testrr.lsp
    while executing
"::error $msg"
    (procedure "error" line 9)
    invoked from within
"error "open-input-file: [cnof] $fn""
    (procedure "::constcl::open-input-file" line 6)
    invoked from within
"$pr {*}[splitlist $vals]"
    (procedure "invoke" line 8)
    invoked from within
"invoke $hinfo [eval-list $args $env]"
    (procedure "eval-form" line 14)
    invoked from within
"eval-form $expr $env"
    (procedure "::constcl::eval" line 7)
    invoked from within
"::constcl::eval [parse $str] $env"
    (procedure "pe" line 2)
    invoked from within
"pe {(open-input-file "tests/tmp/testrr.lsp")}"
    ("uplevel" body line 3)
    invoked from within
"uplevel 1 $setup"
---- errorCode(setup): NONE
---- Output was:

---- Output should have been (exact matching):
a
.
b

---- Test cleanup failed:
can't read "p": no such variable
---- errorInfo(cleanup): can't read "p": no such variable
    while executing
"::constcl::close-input-port $p"
    ("uplevel" body line 2)
    invoked from within
"uplevel 1 $cleanup"
---- errorCode(cleanup): TCL LOOKUP VARNAME p
==== read-12.0 FAILED



/mnt/c/Users/plewe/Documents/GitHub/ConsTcl1/tests/constcl02.test:18: error: test failed: read-12.1 try read-expr
==== read-12.1 try read-expr FAILED
==== Contents of test case:

  set x [r $p]
  while {$x ne "#EOF"} {
    w $x
    set x [r $p]
  }

---- Test setup failed:
open-input-file: could not open file tests/tmp/testrr.lsp
---- errorInfo(setup): open-input-file: could not open file tests/tmp/testrr.lsp
    while executing
"::error $msg"
    (procedure "error" line 9)
    invoked from within
"error "open-input-file: [cnof] $fn""
    (procedure "::constcl::open-input-file" line 6)
    invoked from within
"$pr {*}[splitlist $vals]"
    (procedure "invoke" line 8)
    invoked from within
"invoke $hinfo [eval-list $args $env]"
    (procedure "eval-form" line 14)
    invoked from within
"eval-form $expr $env"
    (procedure "::constcl::eval" line 7)
    invoked from within
"::constcl::eval [parse $str] $env"
    (procedure "pe" line 2)
    invoked from within
"pe {(open-input-file "tests/tmp/testrr.lsp")}"
    ("uplevel" body line 4)
    invoked from within
"uplevel 1 $setup"
---- errorCode(setup): NONE
---- Output was:

---- Output should have been (exact matching):
"foo"
#(a b)
#t
#f
#\A
(quote foo)
(a b)
-99
+
-
(unquote foo)
(a b)
(quasiquote foo)
93
foo

---- Test cleanup failed:
can't read "p": no such variable
---- errorInfo(cleanup): can't read "p": no such variable
    while executing
"::constcl::close-input-port $p"
    ("uplevel" body line 2)
    invoked from within
"uplevel 1 $cleanup"
---- errorCode(cleanup): TCL LOOKUP VARNAME p
==== read-12.1 FAILED

Warning: files left behind:
	constcl02.test:	outfile.txt outfile.txt~
constcl03.test
---- read-13.0 start
---- read-13.3 start


/mnt/c/Users/plewe/Documents/GitHub/ConsTcl1/tests/constcl03.test:18: error: test failed: read-13.4 try read-expr on characters
==== read-13.4 try read-expr on characters FAILED
==== Contents of test case:

    rw $p
    rw $p

---- Test setup failed:
open-input-file: could not open file tests/tmp/testrr.lsp
---- errorInfo(setup): open-input-file: could not open file tests/tmp/testrr.lsp
    while executing
"::error $msg"
    (procedure "error" line 9)
    invoked from within
"error "open-input-file: [cnof] $fn""
    (procedure "::constcl::open-input-file" line 6)
    invoked from within
"$pr {*}[splitlist $vals]"
    (procedure "invoke" line 8)
    invoked from within
"invoke $hinfo [eval-list $args $env]"
    (procedure "eval-form" line 14)
    invoked from within
"eval-form $expr $env"
    (procedure "::constcl::eval" line 7)
    invoked from within
"::constcl::eval [parse $str] $env"
    (procedure "pe" line 2)
    invoked from within
"pe {(open-input-file "tests/tmp/testrr.lsp")}"
    ("uplevel" body line 3)
    invoked from within
"uplevel 1 $setup"
---- errorCode(setup): NONE
---- Output was:
A( 

---- Output should have been (exact matching):
#\A
#\space

---- Test cleanup failed:
can't read "p": no such variable
---- errorInfo(cleanup): can't read "p": no such variable
    while executing
"::constcl::close-input-port $p"
    ("uplevel" body line 2)
    invoked from within
"uplevel 1 $cleanup"
---- errorCode(cleanup): TCL LOOKUP VARNAME p
==== read-13.4 FAILED

Warning: files left behind:
	constcl03.test:	outfile.txt outfile.txt~
constcl04.test
---- read-14.0 start
---- read-14.1 start


/mnt/c/Users/plewe/Documents/GitHub/ConsTcl1/tests/constcl04.test:16: error: test failed: read-14.2 try read-expr on identifiers
==== read-14.2 try read-expr on identifiers FAILED
==== Contents of test case:

    rw $p
    rw $p

---- Test setup failed:
open-input-file: could not open file tests/tmp/testrr.lsp
---- errorInfo(setup): open-input-file: could not open file tests/tmp/testrr.lsp
    while executing
"::error $msg"
    (procedure "error" line 9)
    invoked from within
"error "open-input-file: [cnof] $fn""
    (procedure "::constcl::open-input-file" line 6)
    invoked from within
"$pr {*}[splitlist $vals]"
    (procedure "invoke" line 8)
    invoked from within
"invoke $hinfo [eval-list $args $env]"
    (procedure "eval-form" line 14)
    invoked from within
"eval-form $expr $env"
    (procedure "::constcl::eval" line 7)
    invoked from within
"::constcl::eval [parse $str] $env"
    (procedure "pe" line 2)
    invoked from within
"pe {(open-input-file "tests/tmp/testrr.lsp")}"
    ("uplevel" body line 3)
    invoked from within
"uplevel 1 $setup"
---- errorCode(setup): NONE
---- Output was:

---- Output should have been (exact matching):
foo
bar

---- Test cleanup failed:
can't read "p": no such variable
---- errorInfo(cleanup): can't read "p": no such variable
    while executing
"::constcl::close-input-port $p"
    ("uplevel" body line 2)
    invoked from within
"uplevel 1 $cleanup"
---- errorCode(cleanup): TCL LOOKUP VARNAME p
==== read-14.2 FAILED

Warning: files left behind:
	constcl04.test:	outfile.txt outfile.txt~
constcl05.test
---- read-15.0 start
---- read-15.1 start
---- read-15.2 start
---- read-15.3 start
---- read-15.4 start


/mnt/c/Users/plewe/Documents/GitHub/ConsTcl1/tests/constcl05.test:26: error: test failed: read-15.5 try read-expr on numeric expr
==== read-15.5 try read-expr on numeric expr FAILED
==== Contents of test case:

    rw $p

---- Test setup failed:
open-input-file: could not open file tests/tmp/testrr.lsp
---- errorInfo(setup): open-input-file: could not open file tests/tmp/testrr.lsp
    while executing
"::error $msg"
    (procedure "error" line 9)
    invoked from within
"error "open-input-file: [cnof] $fn""
    (procedure "::constcl::open-input-file" line 6)
    invoked from within
"$pr {*}[splitlist $vals]"
    (procedure "invoke" line 8)
    invoked from within
"invoke $hinfo [eval-list $args $env]"
    (procedure "eval-form" line 14)
    invoked from within
"eval-form $expr $env"
    (procedure "::constcl::eval" line 7)
    invoked from within
"::constcl::eval [parse $str] $env"
    (procedure "pe" line 2)
    invoked from within
"pe {(open-input-file "tests/tmp/testrr.lsp")}"
    ("uplevel" body line 3)
    invoked from within
"uplevel 1 $setup"
---- errorCode(setup): NONE
---- Output was:

---- Output should have been (exact matching):
99

---- Test cleanup failed:
can't read "p": no such variable
---- errorInfo(cleanup): can't read "p": no such variable
    while executing
"::constcl::close-input-port $p"
    ("uplevel" body line 2)
    invoked from within
"uplevel 1 $cleanup"
---- errorCode(cleanup): TCL LOOKUP VARNAME p
==== read-15.5 FAILED

Warning: files left behind:
	constcl05.test:	outfile.txt outfile.txt~
constcl06.test
---- read-16.0 start
---- read-16.1 start
---- read-16.2 start
---- read-16.3 start
---- read-16.4 start
---- read-16.5 start
---- read-16.6 start


/mnt/c/Users/plewe/Documents/GitHub/ConsTcl1/tests/constcl06.test:35: error: test failed: read-16.7 try read-expr on pair expr
==== read-16.7 try read-expr on pair expr FAILED
==== Contents of test case:

    rw $p

---- Test setup failed:
open-input-file: could not open file tests/tmp/testrr.lsp
---- errorInfo(setup): open-input-file: could not open file tests/tmp/testrr.lsp
    while executing
"::error $msg"
    (procedure "error" line 9)
    invoked from within
"error "open-input-file: [cnof] $fn""
    (procedure "::constcl::open-input-file" line 6)
    invoked from within
"$pr {*}[splitlist $vals]"
    (procedure "invoke" line 8)
    invoked from within
"invoke $hinfo [eval-list $args $env]"
    (procedure "eval-form" line 14)
    invoked from within
"eval-form $expr $env"
    (procedure "::constcl::eval" line 7)
    invoked from within
"::constcl::eval [parse $str] $env"
    (procedure "pe" line 2)
    invoked from within
"pe {(open-input-file "tests/tmp/testrr.lsp")}"
    ("uplevel" body line 3)
    invoked from within
"uplevel 1 $setup"
---- errorCode(setup): NONE
---- Output was:
(a (b))

---- Output should have been (exact matching):
(a b c)

---- Test cleanup failed:
can't read "p": no such variable
---- errorInfo(cleanup): can't read "p": no such variable
    while executing
"::constcl::close-input-port $p"
    ("uplevel" body line 2)
    invoked from within
"uplevel 1 $cleanup"
---- errorCode(cleanup): TCL LOOKUP VARNAME p
==== read-16.7 FAILED



/mnt/c/Users/plewe/Documents/GitHub/ConsTcl1/tests/constcl06.test:45: error: test failed: read-16.8 try read-expr on pair expr
==== read-16.8 try read-expr on pair expr FAILED
==== Contents of test case:

    rw $p

---- Test setup failed:
open-input-file: could not open file tests/tmp/testrr.lsp
---- errorInfo(setup): open-input-file: could not open file tests/tmp/testrr.lsp
    while executing
"::error $msg"
    (procedure "error" line 9)
    invoked from within
"error "open-input-file: [cnof] $fn""
    (procedure "::constcl::open-input-file" line 6)
    invoked from within
"$pr {*}[splitlist $vals]"
    (procedure "invoke" line 8)
    invoked from within
"invoke $hinfo [eval-list $args $env]"
    (procedure "eval-form" line 14)
    invoked from within
"eval-form $expr $env"
    (procedure "::constcl::eval" line 7)
    invoked from within
"::constcl::eval [parse $str] $env"
    (procedure "pe" line 2)
    invoked from within
"pe {(open-input-file "tests/tmp/testrr.lsp")}"
    ("uplevel" body line 3)
    invoked from within
"uplevel 1 $setup"
---- errorCode(setup): NONE
---- Output was:
(a (b))

---- Output should have been (exact matching):
((d e) f)

---- Test cleanup failed:
can't read "p": no such variable
---- errorInfo(cleanup): can't read "p": no such variable
    while executing
"::constcl::close-input-port $p"
    ("uplevel" body line 2)
    invoked from within
"uplevel 1 $cleanup"
---- errorCode(cleanup): TCL LOOKUP VARNAME p
==== read-16.8 FAILED



/mnt/c/Users/plewe/Documents/GitHub/ConsTcl1/tests/constcl06.test:55: error: test failed: read-16.9 try read-expr on pair expr
==== read-16.9 try read-expr on pair expr FAILED
==== Contents of test case:

    rw $p

---- Test setup failed:
open-input-file: could not open file tests/tmp/testrr.lsp
---- errorInfo(setup): open-input-file: could not open file tests/tmp/testrr.lsp
    while executing
"::error $msg"
    (procedure "error" line 9)
    invoked from within
"error "open-input-file: [cnof] $fn""
    (procedure "::constcl::open-input-file" line 6)
    invoked from within
"$pr {*}[splitlist $vals]"
    (procedure "invoke" line 8)
    invoked from within
"invoke $hinfo [eval-list $args $env]"
    (procedure "eval-form" line 14)
    invoked from within
"eval-form $expr $env"
    (procedure "::constcl::eval" line 7)
    invoked from within
"::constcl::eval [parse $str] $env"
    (procedure "pe" line 2)
    invoked from within
"pe {(open-input-file "tests/tmp/testrr.lsp")}"
    ("uplevel" body line 3)
    invoked from within
"uplevel 1 $setup"
---- errorCode(setup): NONE
---- Output was:
(a (b))

---- Output should have been (exact matching):
(def ghi (jkl mno))

---- Test cleanup failed:
can't read "p": no such variable
---- errorInfo(cleanup): can't read "p": no such variable
    while executing
"::constcl::close-input-port $p"
    ("uplevel" body line 2)
    invoked from within
"uplevel 1 $cleanup"
---- errorCode(cleanup): TCL LOOKUP VARNAME p
==== read-16.9 FAILED



/mnt/c/Users/plewe/Documents/GitHub/ConsTcl1/tests/constcl06.test:66: error: test failed: read-17.2 try read-expr on plus/minus
==== read-17.2 try read-expr on plus/minus FAILED
==== Contents of test case:

    rw $p
    rw $p
    rw $p

---- Test setup failed:
open-input-file: could not open file tests/tmp/testrr.lsp
---- errorInfo(setup): open-input-file: could not open file tests/tmp/testrr.lsp
    while executing
"::error $msg"
    (procedure "error" line 9)
    invoked from within
"error "open-input-file: [cnof] $fn""
    (procedure "::constcl::open-input-file" line 6)
    invoked from within
"$pr {*}[splitlist $vals]"
    (procedure "invoke" line 8)
    invoked from within
"invoke $hinfo [eval-list $args $env]"
    (procedure "eval-form" line 14)
    invoked from within
"eval-form $expr $env"
    (procedure "::constcl::eval" line 7)
    invoked from within
"::constcl::eval [parse $str] $env"
    (procedure "pe" line 2)
    invoked from within
"pe {(open-input-file "tests/tmp/testrr.lsp")}"
    ("uplevel" body line 3)
    invoked from within
"uplevel 1 $setup"
---- errorCode(setup): NONE
---- Output was:
(a (b))

---- Output should have been (exact matching):
+
-
-99

---- Test cleanup failed:
can't read "p": no such variable
---- errorInfo(cleanup): can't read "p": no such variable
    while executing
"::constcl::close-input-port $p"
    ("uplevel" body line 2)
    invoked from within
"uplevel 1 $cleanup"
---- errorCode(cleanup): TCL LOOKUP VARNAME p
==== read-17.2 FAILED

Warning: files left behind:
	constcl06.test:	outfile.txt outfile.txt~
constcl07.test


/mnt/c/Users/plewe/Documents/GitHub/ConsTcl1/tests/constcl07.test:6: error: test failed: read-18.0 try read-expr on booleans
==== read-18.0 try read-expr on booleans FAILED
==== Contents of test case:

    rw $p
    rw $p

---- Test setup failed:
open-input-file: could not open file tests/tmp/testrr.lsp
---- errorInfo(setup): open-input-file: could not open file tests/tmp/testrr.lsp
    while executing
"::error $msg"
    (procedure "error" line 9)
    invoked from within
"error "open-input-file: [cnof] $fn""
    (procedure "::constcl::open-input-file" line 6)
    invoked from within
"$pr {*}[splitlist $vals]"
    (procedure "invoke" line 8)
    invoked from within
"invoke $hinfo [eval-list $args $env]"
    (procedure "eval-form" line 14)
    invoked from within
"eval-form $expr $env"
    (procedure "::constcl::eval" line 7)
    invoked from within
"::constcl::eval [parse $str] $env"
    (procedure "pe" line 2)
    invoked from within
"pe {(open-input-file "tests/tmp/testrr.lsp")}"
    ("uplevel" body line 3)
    invoked from within
"uplevel 1 $setup"
---- errorCode(setup): NONE
---- Output was:

---- Output should have been (exact matching):
#t
#f

---- Test cleanup failed:
can't read "p": no such variable
---- errorInfo(cleanup): can't read "p": no such variable
    while executing
"::constcl::close-input-port $p"
    ("uplevel" body line 2)
    invoked from within
"uplevel 1 $cleanup"
---- errorCode(cleanup): TCL LOOKUP VARNAME p
==== read-18.0 FAILED

Warning: files left behind:
	constcl07.test:	outfile.txt outfile.txt~
constcl08.test
---- read-19.0 start


/mnt/c/Users/plewe/Documents/GitHub/ConsTcl1/tests/constcl08.test:10: error: test failed: read-19.1 try read-expr on quasiquoted expr
==== read-19.1 try read-expr on quasiquoted expr FAILED
==== Contents of test case:

    rw $p

---- Test setup failed:
open-input-file: could not open file tests/tmp/testrr.lsp
---- errorInfo(setup): open-input-file: could not open file tests/tmp/testrr.lsp
    while executing
"::error $msg"
    (procedure "error" line 9)
    invoked from within
"error "open-input-file: [cnof] $fn""
    (procedure "::constcl::open-input-file" line 6)
    invoked from within
"$pr {*}[splitlist $vals]"
    (procedure "invoke" line 8)
    invoked from within
"invoke $hinfo [eval-list $args $env]"
    (procedure "eval-form" line 14)
    invoked from within
"eval-form $expr $env"
    (procedure "::constcl::eval" line 7)
    invoked from within
"::constcl::eval [parse $str] $env"
    (procedure "pe" line 2)
    invoked from within
"pe {(open-input-file "tests/tmp/testrr.lsp")}"
    ("uplevel" body line 3)
    invoked from within
"uplevel 1 $setup"
---- errorCode(setup): NONE
---- Output was:
(quasiquote (list 1 2 (unquote-splicing foo)))

---- Output should have been (exact matching):
(quasiquote (a b))

---- Test cleanup failed:
can't read "p": no such variable
---- errorInfo(cleanup): can't read "p": no such variable
    while executing
"::constcl::close-input-port $p"
    ("uplevel" body line 2)
    invoked from within
"uplevel 1 $cleanup"
---- errorCode(cleanup): TCL LOOKUP VARNAME p
==== read-19.1 FAILED

Warning: files left behind:
	constcl08.test:	outfile.txt outfile.txt~
constcl09.test
---- read-20.0 start
---- read-20.1 start


/mnt/c/Users/plewe/Documents/GitHub/ConsTcl1/tests/constcl09.test:10: error: test failed: read-20.1 try modifying quoted list
==== read-20.1 try modifying quoted list FAILED
==== Contents of test case:

    pew "(define a '(a b c))"
    pew "(list-set! a 1 'x)"

---- Result was:
unbound symbol (list-set!)
---- Result should have been (exact matching):
Can't modify a constant pair
==== read-20.1 FAILED



/mnt/c/Users/plewe/Documents/GitHub/ConsTcl1/tests/constcl09.test:15: error: test failed: read-20.2 try read-expr on quoted expr
==== read-20.2 try read-expr on quoted expr FAILED
==== Contents of test case:

    rw $p

---- Test setup failed:
open-input-file: could not open file tests/tmp/testrr.lsp
---- errorInfo(setup): open-input-file: could not open file tests/tmp/testrr.lsp
    while executing
"::error $msg"
    (procedure "error" line 9)
    invoked from within
"error "open-input-file: [cnof] $fn""
    (procedure "::constcl::open-input-file" line 6)
    invoked from within
"$pr {*}[splitlist $vals]"
    (procedure "invoke" line 8)
    invoked from within
"invoke $hinfo [eval-list $args $env]"
    (procedure "eval-form" line 14)
    invoked from within
"eval-form $expr $env"
    (procedure "::constcl::eval" line 7)
    invoked from within
"::constcl::eval [parse $str] $env"
    (procedure "pe" line 2)
    invoked from within
"pe {(open-input-file "tests/tmp/testrr.lsp")}"
    ("uplevel" body line 3)
    invoked from within
"uplevel 1 $setup"
---- errorCode(setup): NONE
---- Test cleanup failed:
can't read "p": no such variable
---- errorInfo(cleanup): can't read "p": no such variable
    while executing
"::constcl::close-input-port $p"
    ("uplevel" body line 2)
    invoked from within
"uplevel 1 $cleanup"
---- errorCode(cleanup): TCL LOOKUP VARNAME p
==== read-20.2 FAILED

Warning: files left behind:
	constcl09.test:	outfile.txt outfile.txt~
constcl10.test
---- pairslists-12.0 start
---- pairslists-12.1 start
Warning: files left behind:
	constcl10.test:	outfile.txt outfile.txt~
constcl100.test
---- numbers-11.0 start
Warning: files left behind:
	constcl100.test:	outfile.txt outfile.txt~
constcl101.test
---- numbers-12.0 start
Warning: files left behind:
	constcl101.test:	outfile.txt outfile.txt~
constcl102.test
---- numbers-13.0 start
Warning: files left behind:
	constcl102.test:	outfile.txt outfile.txt~
constcl103.test
---- numbers-14.0 start
Warning: files left behind:
	constcl103.test:	outfile.txt outfile.txt~
constcl104.test
---- numbers-15.0 start
Warning: files left behind:
	constcl104.test:	outfile.txt outfile.txt~
constcl105.test
---- numbers-16.0 start
---- numbers-16.1 start
Warning: files left behind:
	constcl105.test:	outfile.txt outfile.txt~
constcl106.test
---- numbers-17.0 start
---- numbers-17.1 start
Warning: files left behind:
	constcl106.test:	outfile.txt outfile.txt~
constcl107.test
---- numbers-18.0 start
---- numbers-18.1 start
Warning: files left behind:
	constcl107.test:	outfile.txt outfile.txt~
constcl108.test
---- numbers-19.0 start
Warning: files left behind:
	constcl108.test:	outfile.txt outfile.txt~
constcl109.test
---- numbers-20.0 start
Warning: files left behind:
	constcl109.test:	outfile.txt outfile.txt~
constcl11.test
---- pairslists-13.0 start
Warning: files left behind:
	constcl11.test:	outfile.txt outfile.txt~
constcl110.test
---- numbers-21.0 start
Warning: files left behind:
	constcl110.test:	outfile.txt outfile.txt~
constcl111.test
---- numbers-22.0 start
Warning: files left behind:
	constcl111.test:	outfile.txt outfile.txt~
constcl112.test
---- numbers-23.0 start
---- numbers-23.1 start
Warning: files left behind:
	constcl112.test:	outfile.txt outfile.txt~
constcl113.test
---- numbers-24.0 start
Warning: files left behind:
	constcl113.test:	outfile.txt outfile.txt~
constcl114.test
---- numbers-25.0 start
Warning: files left behind:
	constcl114.test:	outfile.txt outfile.txt~
constcl115.test
---- numbers-26.0 start
---- numbers-26.1 start
Warning: files left behind:
	constcl115.test:	outfile.txt outfile.txt~
constcl116.test
---- numbers-27.0 start
Warning: files left behind:
	constcl116.test:	outfile.txt outfile.txt~
constcl117.test
---- numbers-28.0 start
Warning: files left behind:
	constcl117.test:	outfile.txt outfile.txt~
constcl118.test
---- numbers-29.0 start
Warning: files left behind:
	constcl118.test:	outfile.txt outfile.txt~
constcl119.test
---- numbers-30.0 start
---- numbers-30.1 start
Warning: files left behind:
	constcl119.test:	outfile.txt outfile.txt~
constcl12.test
---- pairslists-14.0 start
Warning: files left behind:
	constcl12.test:	outfile.txt outfile.txt~
constcl120.test
---- numbers-31.0 start
---- numbers-31.1 start
Warning: files left behind:
	constcl120.test:	outfile.txt outfile.txt~
constcl121.test
---- boolean-1.0 start
---- boolean-1.1 start
---- boolean-1.2 start
---- boolean-1.3 start
---- boolean-1.5 start
---- boolean-1.6 start
Warning: files left behind:
	constcl121.test:	outfile.txt outfile.txt~
constcl122.test
---- boolean-2.0 start
---- boolean-2.1 start
---- boolean-2.2 start
Warning: files left behind:
	constcl122.test:	outfile.txt outfile.txt~
constcl123.test
---- boolean-3.0 start
---- boolean-3.1 start
---- boolean-3.2 start
---- boolean-3.3 start
Warning: files left behind:
	constcl123.test:	outfile.txt outfile.txt~
constcl124.test
---- characters-1.0 start
---- characters-1.1 start
---- characters-check-1.0 start
---- characters-1.2 start
---- characters-1.3 start
---- characters-1.4 start
---- characters-1.5 start
---- characters-1.6 start
---- characters-1.7 start
---- characters-1.8 start
---- characters-1.9 start
---- characters-1.10 start
---- characters-1.11 start
---- characters-1.12 start
---- characters-1.13 start
---- characters-1.14 start
---- characters-1.15 start
---- characters-1.16 start
---- characters-1.17 start
---- characters-1.18 start
Warning: files left behind:
	constcl124.test:	outfile.txt outfile.txt~
constcl125.test
---- control-1.0 start
Warning: files left behind:
	constcl125.test:	outfile.txt outfile.txt~
constcl126.test
---- control-2.0 start
---- control-2.1 start
Warning: files left behind:
	constcl126.test:	outfile.txt outfile.txt~
constcl127.test
---- control-3.0 start
Warning: files left behind:
	constcl127.test:	outfile.txt outfile.txt~
constcl128.test
---- control-4.0 start
---- control-4.1 start
Warning: files left behind:
	constcl128.test:	outfile.txt outfile.txt~
constcl129.test
---- io-1.0 start


/mnt/c/Users/plewe/Documents/GitHub/ConsTcl1/tests/constcl129.test:6: error: test failed: io-1.0 try call-with-input-file
==== io-1.0 try call-with-input-file FAILED
==== Contents of test case:

  pe {(let ((f (lambda (port)  (let ((n 0) (s 0))
       (set! n (read port))
       (set! s (read port))
       (display s)
       (display n)))))
         (call-with-input-file "iofile.txt" f))}

---- Test generated error; Return code was: 1
---- Return code should have been one of: 0 2
---- errorInfo: open-input-file: could not open file iofile.txt
    while executing
"::error $msg"
    (procedure "error" line 9)
    invoked from within
"error "open-input-file: [cnof] $fn""
    (procedure "open-input-file" line 6)
    invoked from within
"open-input-file $filename"
    (procedure "::constcl::call-with-input-file" line 2)
    invoked from within
"$pr {*}[splitlist $vals]"
    (procedure "invoke" line 8)
    invoked from within
"invoke $hinfo [eval-list $args $env]"
    (procedure "eval-form" line 14)
    invoked from within
"eval-form $expr $env"
    (procedure "eval" line 7)
    invoked from within
"eval [car $exps] $env"
    (procedure "/begin" line 7)
    invoked from within
"/begin [cdr $expr] $env"
    (procedure "::constcl::special-begin" line 9)
    invoked from within
"$hinfo $expr $env"
    (procedure "eval-form" line 11)
    invoked from within
"eval-form $expr $env"
    (procedure "::constcl::eval" line 7)
    invoked from within
"::constcl::eval $body [
    ::constcl::MkEnv $parms $vals $env]"
    (class "::constcl::Procedure" method "call" line 3)
    invoked from within
"$pr call {*}[splitlist $vals]"
    (procedure "invoke" line 6)
    invoked from within
"invoke [eval $op $env] [eval-list $args $env]"
    (procedure "eval-form" line 24)
    invoked from within
"eval-form $expr $env"
    (procedure "eval" line 7)
    invoked from within
"eval $expr $env"
    (procedure "::constcl::special-let" line 6)
    invoked from within
"$hinfo $expr $env"
    (procedure "eval-form" line 11)
    invoked from within
"eval-form $expr $env"
    (procedure "::constcl::eval" line 7)
    invoked from within
"::constcl::eval [parse $str] $env"
    (procedure "pe" line 2)
    invoked from within
"pe {(let ((f (lambda (port)  (let ((n 0) (s 0))
       (set! n (read port))
       (set! s (read port))
       (display s)
       (display n)))))
    ..."
    ("uplevel" body line 2)
    invoked from within
"uplevel 1 $script"
---- errorCode: NONE
==== io-1.0 FAILED

Warning: files left behind:
	constcl129.test:	outfile.txt outfile.txt~
constcl13.test
---- pairslists-15.0 start
Warning: files left behind:
	constcl13.test:	outfile.txt outfile.txt~
constcl130.test
---- io-2.0 start
Warning: files left behind:
	constcl130.test:	outfile.txt outfile.txt~
constcl131.test
---- io-3.0 start


/mnt/c/Users/plewe/Documents/GitHub/ConsTcl1/tests/constcl131.test:6: error: test failed: io-3.0 try with-input-from-file
==== io-3.0 try with-input-from-file FAILED
==== Contents of test case:

  pew "(with-input-from-file \"foo.txt\" (lambda () (write (read))))"

---- Test generated error; Return code was: 1
---- Return code should have been one of: 0 2
---- errorInfo: open-input-file: could not open file foo.txt
    while executing
"::error $msg"
    (procedure "error" line 9)
    invoked from within
"error "open-input-file: [cnof] $fn""
    (procedure "open-input-file" line 6)
    invoked from within
"open-input-file $filename"
    (procedure "::constcl::with-input-from-file" line 2)
    invoked from within
"$pr {*}[splitlist $vals]"
    (procedure "invoke" line 8)
    invoked from within
"invoke $hinfo [eval-list $args $env]"
    (procedure "eval-form" line 14)
    invoked from within
"eval-form $expr $env"
    (procedure "::constcl::eval" line 7)
    invoked from within
"::constcl::eval [parse $str] $env"
    (procedure "pew" line 3)
    invoked from within
"pew "(with-input-from-file \"foo.txt\" (lambda () (write (read))))""
    ("uplevel" body line 2)
    invoked from within
"uplevel 1 $script"
---- errorCode: NONE
==== io-3.0 FAILED

Warning: files left behind:
	constcl131.test:	outfile.txt outfile.txt~
constcl132.test
---- io-4.0 start
Warning: files left behind:
	constcl132.test:	outfile.txt outfile.txt~
constcl133.test
---- io-5.0 start
Warning: files left behind:
	constcl133.test:	outfile.txt outfile.txt~
constcl134.test
---- pairslists-1.0 start
---- pairslists-1.2 start
---- pairslists-1.3 start
---- pairslists-1.4 start
Warning: files left behind:
	constcl134.test:	outfile.txt outfile.txt~
constcl135.test
---- pairslists-2.0 start
Warning: files left behind:
	constcl135.test:	outfile.txt outfile.txt~
constcl136.test
---- pairslists-3.0 start
Warning: files left behind:
	constcl136.test:	outfile.txt outfile.txt~
constcl137.test
---- pairslists-4.0 start
Warning: files left behind:
	constcl137.test:	outfile.txt outfile.txt~
constcl138.test
---- pairslists-5.0 start
---- pairslists-5.1 start
Warning: files left behind:
	constcl138.test:	outfile.txt outfile.txt~
constcl139.test
---- pairslists-6.0 start
---- pairslists-6.1 start
Warning: files left behind:
	constcl139.test:	outfile.txt outfile.txt~
constcl14.test
---- pairslists-16.0 start
---- pairslists-16.1 start
Warning: files left behind:
	constcl14.test:	outfile.txt outfile.txt~
constcl140.test
---- pairslists-7.0 start
---- pairslists-7.1 start
Warning: files left behind:
	constcl140.test:	outfile.txt outfile.txt~
constcl141.test
---- pairslists-8.0 start
---- pairslists-8.1 start
Warning: files left behind:
	constcl141.test:	outfile.txt outfile.txt~
constcl142.test
---- pairslists-9.0 start
---- pairslists-9.1 start
Warning: files left behind:
	constcl142.test:	outfile.txt outfile.txt~
constcl143.test
---- pairslists-10.0 start
Warning: files left behind:
	constcl143.test:	outfile.txt outfile.txt~
constcl144.test
---- pairslists-11.0 start
Warning: files left behind:
	constcl144.test:	outfile.txt outfile.txt~
constcl15.test
---- pairslists-17.0 start
Warning: files left behind:
	constcl15.test:	outfile.txt outfile.txt~
constcl16.test
---- strings-1.0 start
---- strings-1.1 start
---- strings-1.2 start
Warning: files left behind:
	constcl16.test:	outfile.txt outfile.txt~
constcl17.test
---- strings-2.0 start
Warning: files left behind:
	constcl17.test:	outfile.txt outfile.txt~
constcl18.test
---- strings-3.0 start
Warning: files left behind:
	constcl18.test:	outfile.txt outfile.txt~
constcl19.test
---- strings-4.0 start
---- strings-4.1 start
Warning: files left behind:
	constcl19.test:	outfile.txt outfile.txt~
constcl20.test
---- read-21.0 start
---- read-21.1 start
---- read-21.2 start


/mnt/c/Users/plewe/Documents/GitHub/ConsTcl1/tests/constcl20.test:21: error: test failed: read-21.3 try read-expr on a string
==== read-21.3 try read-expr on a string FAILED
==== Contents of test case:

    rw $p

---- Test setup failed:
open-input-file: could not open file tests/tmp/testrr.lsp
---- errorInfo(setup): open-input-file: could not open file tests/tmp/testrr.lsp
    while executing
"::error $msg"
    (procedure "error" line 9)
    invoked from within
"error "open-input-file: [cnof] $fn""
    (procedure "::constcl::open-input-file" line 6)
    invoked from within
"$pr {*}[splitlist $vals]"
    (procedure "invoke" line 8)
    invoked from within
"invoke $hinfo [eval-list $args $env]"
    (procedure "eval-form" line 14)
    invoked from within
"eval-form $expr $env"
    (procedure "::constcl::eval" line 7)
    invoked from within
"::constcl::eval [parse $str] $env"
    (procedure "pe" line 2)
    invoked from within
"pe {(open-input-file "tests/tmp/testrr.lsp")}"
    ("uplevel" body line 3)
    invoked from within
"uplevel 1 $setup"
---- errorCode(setup): NONE
---- Output was:

---- Output should have been (exact matching):
"foo bar"

---- Test cleanup failed:
can't read "p": no such variable
---- errorInfo(cleanup): can't read "p": no such variable
    while executing
"::constcl::close-input-port $p"
    ("uplevel" body line 2)
    invoked from within
"uplevel 1 $cleanup"
---- errorCode(cleanup): TCL LOOKUP VARNAME p
==== read-21.3 FAILED



/mnt/c/Users/plewe/Documents/GitHub/ConsTcl1/tests/constcl20.test:31: error: test failed: read-21.4 try read-expr on a string/eof
==== read-21.4 try read-expr on a string/eof FAILED
==== Contents of test case:

    rw $p

---- Test setup failed:
open-input-file: could not open file tests/tmp/testrr.lsp
---- errorInfo(setup): open-input-file: could not open file tests/tmp/testrr.lsp
    while executing
"::error $msg"
    (procedure "error" line 9)
    invoked from within
"error "open-input-file: [cnof] $fn""
    (procedure "::constcl::open-input-file" line 6)
    invoked from within
"$pr {*}[splitlist $vals]"
    (procedure "invoke" line 8)
    invoked from within
"invoke $hinfo [eval-list $args $env]"
    (procedure "eval-form" line 14)
    invoked from within
"eval-form $expr $env"
    (procedure "::constcl::eval" line 7)
    invoked from within
"::constcl::eval [parse $str] $env"
    (procedure "pe" line 2)
    invoked from within
"pe {(open-input-file "tests/tmp/testrr.lsp")}"
    ("uplevel" body line 3)
    invoked from within
"uplevel 1 $setup"
---- errorCode(setup): NONE
---- Test cleanup failed:
can't read "p": no such variable
---- errorInfo(cleanup): can't read "p": no such variable
    while executing
"::constcl::close-input-port $p"
    ("uplevel" body line 2)
    invoked from within
"uplevel 1 $cleanup"
---- errorCode(cleanup): TCL LOOKUP VARNAME p
==== read-21.4 FAILED

Warning: files left behind:
	constcl20.test:	outfile.txt outfile.txt~
constcl21.test
---- strings-5.0 start
Warning: files left behind:
	constcl21.test:	outfile.txt outfile.txt~
constcl22.test
---- strings-6.0 start
Warning: files left behind:
	constcl22.test:	outfile.txt outfile.txt~
constcl23.test
---- strings-7.0 start
---- strings-7.1 start
---- strings-7.2 start
Warning: files left behind:
	constcl23.test:	outfile.txt outfile.txt~
constcl24.test
---- strings-8.0 start
Warning: files left behind:
	constcl24.test:	outfile.txt outfile.txt~
constcl25.test
---- strings-9.0 start
Warning: files left behind:
	constcl25.test:	outfile.txt outfile.txt~
constcl26.test
---- strings-10.0 start
Warning: files left behind:
	constcl26.test:	outfile.txt outfile.txt~
constcl27.test
---- strings-11.0 start
Warning: files left behind:
	constcl27.test:	outfile.txt outfile.txt~
constcl28.test
---- strings-12.0 start
Warning: files left behind:
	constcl28.test:	outfile.txt outfile.txt~
constcl29.test
---- strings-13.0 start
Warning: files left behind:
	constcl29.test:	outfile.txt outfile.txt~
constcl30.test
---- strings-14.0 start
Warning: files left behind:
	constcl30.test:	outfile.txt outfile.txt~
constcl31.test
---- read-22.0 start


/mnt/c/Users/plewe/Documents/GitHub/ConsTcl1/tests/constcl31.test:10: error: test failed: read-22.2 try read-expr on unquoted expr
==== read-22.2 try read-expr on unquoted expr FAILED
==== Contents of test case:

    rw $p
    rw $p

---- Test setup failed:
open-input-file: could not open file tests/tmp/testrr.lsp
---- errorInfo(setup): open-input-file: could not open file tests/tmp/testrr.lsp
    while executing
"::error $msg"
    (procedure "error" line 9)
    invoked from within
"error "open-input-file: [cnof] $fn""
    (procedure "::constcl::open-input-file" line 6)
    invoked from within
"$pr {*}[splitlist $vals]"
    (procedure "invoke" line 8)
    invoked from within
"invoke $hinfo [eval-list $args $env]"
    (procedure "eval-form" line 14)
    invoked from within
"eval-form $expr $env"
    (procedure "::constcl::eval" line 7)
    invoked from within
"::constcl::eval [parse $str] $env"
    (procedure "pe" line 2)
    invoked from within
"pe {(open-input-file "tests/tmp/testrr.lsp")}"
    ("uplevel" body line 3)
    invoked from within
"uplevel 1 $setup"
---- errorCode(setup): NONE
---- Output was:
(unquote foo)

---- Output should have been (exact matching):
(unquote foo)
(unquote-splicing bar)

---- Test cleanup failed:
can't read "p": no such variable
---- errorInfo(cleanup): can't read "p": no such variable
    while executing
"::constcl::close-input-port $p"
    ("uplevel" body line 2)
    invoked from within
"uplevel 1 $cleanup"
---- errorCode(cleanup): TCL LOOKUP VARNAME p
==== read-22.2 FAILED

Warning: files left behind:
	constcl31.test:	outfile.txt outfile.txt~
constcl32.test
---- strings-15.0 start
Warning: files left behind:
	constcl32.test:	outfile.txt outfile.txt~
constcl33.test
---- strings-16.0 start
Warning: files left behind:
	constcl33.test:	outfile.txt outfile.txt~
constcl34.test
---- strings-17.0 start
Warning: files left behind:
	constcl34.test:	outfile.txt outfile.txt~
constcl35.test
---- strings-18.0 start
Warning: files left behind:
	constcl35.test:	outfile.txt outfile.txt~
constcl36.test
---- strings-19.0 start
Warning: files left behind:
	constcl36.test:	outfile.txt outfile.txt~
constcl37.test
---- strings-20.0 start
Warning: files left behind:
	constcl37.test:	outfile.txt outfile.txt~
constcl38.test
---- strings-21.0 start
Warning: files left behind:
	constcl38.test:	outfile.txt outfile.txt~
constcl39.test
---- strings-22.0 start
Warning: files left behind:
	constcl39.test:	outfile.txt outfile.txt~
constcl40.test
---- strings-23.0 start
Warning: files left behind:
	constcl40.test:	outfile.txt outfile.txt~
constcl41.test
---- symbols-1.0 start
---- symbols-1.1 start
---- symbols-1.2 start
Warning: files left behind:
	constcl41.test:	outfile.txt outfile.txt~
constcl42.test
---- read-23.0 start
---- read-23.1 start


/mnt/c/Users/plewe/Documents/GitHub/ConsTcl1/tests/constcl42.test:14: error: test failed: read-23.2 try read-expr on a couple of vectors
==== read-23.2 try read-expr on a couple of vectors FAILED
==== Contents of test case:

    rw $p
    rw $p

---- Test setup failed:
open-input-file: could not open file tests/tmp/testrr.lsp
---- errorInfo(setup): open-input-file: could not open file tests/tmp/testrr.lsp
    while executing
"::error $msg"
    (procedure "error" line 9)
    invoked from within
"error "open-input-file: [cnof] $fn""
    (procedure "::constcl::open-input-file" line 6)
    invoked from within
"$pr {*}[splitlist $vals]"
    (procedure "invoke" line 8)
    invoked from within
"invoke $hinfo [eval-list $args $env]"
    (procedure "eval-form" line 14)
    invoked from within
"eval-form $expr $env"
    (procedure "::constcl::eval" line 7)
    invoked from within
"::constcl::eval [parse $str] $env"
    (procedure "pe" line 2)
    invoked from within
"pe {(open-input-file "tests/tmp/testrr.lsp")}"
    ("uplevel" body line 3)
    invoked from within
"uplevel 1 $setup"
---- errorCode(setup): NONE
---- Output was:
#(1 2 (+ 1 2))

---- Output should have been (exact matching):
#(1 2 3)
#(11 22 33)

---- Test cleanup failed:
can't read "p": no such variable
---- errorInfo(cleanup): can't read "p": no such variable
    while executing
"::constcl::close-input-port $p"
    ("uplevel" body line 2)
    invoked from within
"uplevel 1 $cleanup"
---- errorCode(cleanup): TCL LOOKUP VARNAME p
==== read-23.2 FAILED

Warning: files left behind:
	constcl42.test:	outfile.txt outfile.txt~
constcl43.test
---- vectors-1.0 start
---- vectors-1.1 start
---- vectors-1.2 start
---- vectors-1.3 start
---- vectors-1.4 start
---- vectors-1.5 start
---- vectors-1.6 start
---- vectors-1.7 start
---- vectors-1.8 start
Warning: files left behind:
	constcl43.test:	outfile.txt outfile.txt~
constcl44.test
---- setup-1.0 start


/mnt/c/Users/plewe/Documents/GitHub/ConsTcl1/tests/constcl44.test:6: error: test failed: setup-1.0 equivalence of instance and alias
==== setup-1.0 equivalence of instance and alias FAILED
==== Contents of test case:

        expr {[pe "'()"] == ${#NIL}}

---- Result was:
0
---- Result should have been (exact matching):
1
==== setup-1.0 FAILED

---- setup-1.1 start


/mnt/c/Users/plewe/Documents/GitHub/ConsTcl1/tests/constcl44.test:10: error: test failed: setup-1.1 equivalence of instance and alias
==== setup-1.1 equivalence of instance and alias FAILED
==== Contents of test case:

        expr {[::constcl::NIL new] == ${#NIL}}

---- Test generated error; Return code was: 1
---- Return code should have been one of: 0 2
---- errorInfo: invalid command name "::constcl::NIL"
    while executing
"::constcl::NIL new"
    ("uplevel" body line 2)
    invoked from within
"uplevel 1 $script"
---- errorCode: TCL LOOKUP COMMAND ::constcl::NIL
==== setup-1.1 FAILED

Warning: files left behind:
	constcl44.test:	outfile.txt outfile.txt~
constcl45.test
---- cons-15.0 start
---- cons-15.1 start
---- cons-15.2 start
Warning: files left behind:
	constcl45.test:	outfile.txt outfile.txt~
constcl46.test
---- cons-1.0 start
Warning: files left behind:
	constcl46.test:	outfile.txt outfile.txt~
constcl47.test
---- cons-2.0 start
---- cons-2.1 start
---- cons-2.2 start


/mnt/c/Users/plewe/Documents/GitHub/ConsTcl1/tests/constcl47.test:18: error: test failed: cons-2.2 calculate circle-area factorial 10
==== cons-2.2 calculate circle-area factorial 10 FAILED
==== Contents of test case:

    pew "(circle-area (fact 10))"

---- Test generated error; Return code was: 1
---- Return code should have been one of: 0 2
---- errorInfo: unbound symbol (circle-area)
    while executing
"::error $msg"
    (procedure "error" line 9)
    invoked from within
"error "unbound symbol" $op"
    (procedure "eval-form" line 8)
    invoked from within
"eval-form $expr $env"
    (procedure "::constcl::eval" line 7)
    invoked from within
"::constcl::eval [parse $str] $env"
    (procedure "pew" line 3)
    invoked from within
"pew "(circle-area (fact 10))""
    ("uplevel" body line 2)
    invoked from within
"uplevel 1 $script"
---- errorCode: NONE
==== cons-2.2 FAILED

Warning: files left behind:
	constcl47.test:	outfile.txt outfile.txt~
constcl48.test
---- cons-3.0 start
Warning: files left behind:
	constcl48.test:	outfile.txt outfile.txt~
constcl49.test
---- cons-3.0 start


/mnt/c/Users/plewe/Documents/GitHub/ConsTcl1/tests/constcl49.test:6: error: test failed: cons-3.0 count
==== cons-3.0 count FAILED
==== Contents of test case:

    pew "(count 0 (list 0 1 2 3 0 0))"

---- Test generated error; Return code was: 1
---- Return code should have been one of: 0 2
---- errorInfo: unbound symbol (count)
    while executing
"::error $msg"
    (procedure "error" line 9)
    invoked from within
"error "unbound symbol" $op"
    (procedure "eval-form" line 8)
    invoked from within
"eval-form $expr $env"
    (procedure "::constcl::eval" line 7)
    invoked from within
"::constcl::eval [parse $str] $env"
    (procedure "pew" line 3)
    invoked from within
"pew "(count 0 (list 0 1 2 3 0 0))""
    ("uplevel" body line 2)
    invoked from within
"uplevel 1 $script"
---- errorCode: NONE
==== cons-3.0 FAILED

---- cons-3.1 start


/mnt/c/Users/plewe/Documents/GitHub/ConsTcl1/tests/constcl49.test:10: error: test failed: cons-3.1 count
==== cons-3.1 count FAILED
==== Contents of test case:

    pew "(count 'the '(the more the merrier the bigger the better))"

---- Test generated error; Return code was: 1
---- Return code should have been one of: 0 2
---- errorInfo: unbound symbol (count)
    while executing
"::error $msg"
    (procedure "error" line 9)
    invoked from within
"error "unbound symbol" $op"
    (procedure "eval-form" line 8)
    invoked from within
"eval-form $expr $env"
    (procedure "::constcl::eval" line 7)
    invoked from within
"::constcl::eval [parse $str] $env"
    (procedure "pew" line 3)
    invoked from within
"pew "(count 'the '(the more the merrier the bigger the better))""
    ("uplevel" body line 2)
    invoked from within
"uplevel 1 $script"
---- errorCode: NONE
==== cons-3.1 FAILED

Warning: files left behind:
	constcl49.test:	outfile.txt outfile.txt~
constcl50.test
---- cons-4.0 start
---- cons-4.1 start
---- cons-4.2 start
---- cons-4.3 start
---- cons-4.4 start
Warning: files left behind:
	constcl50.test:	outfile.txt outfile.txt~
constcl51.test
---- cons-5.0 start
---- cons-5.1 start
---- cons-5.2 start
Warning: files left behind:
	constcl51.test:	outfile.txt outfile.txt~
constcl52.test
---- cons-6.0 start
Warning: files left behind:
	constcl52.test:	outfile.txt outfile.txt~
constcl53.test
---- input-3.0 start
Warning: files left behind:
	constcl53.test:	outfile.txt outfile.txt~
constcl54.test
---- cons-7.0 start
---- cons-7.1 start
---- cons-7.2 start
Warning: files left behind:
	constcl54.test:	outfile.txt outfile.txt~
constcl55.test
---- cons-8.0 start
---- cons-8.1 start
---- cons-8.2 start
Warning: files left behind:
	constcl55.test:	outfile.txt outfile.txt~
constcl56.test
---- cons-9.0 start
Warning: files left behind:
	constcl56.test:	outfile.txt outfile.txt~
constcl57.test
---- cons-10.0 start
Warning: files left behind:
	constcl57.test:	outfile.txt outfile.txt~
constcl58.test
---- cons-13.0 start
Warning: files left behind:
	constcl58.test:	outfile.txt outfile.txt~
constcl59.test
---- cons-14.0 start
---- cons-14.1 start
---- cons-14.2 start
---- cons-14.3 start
---- cons-14.4 start
---- cons-14.5 start
---- cons-14.6 start
---- cons-14.7 start
Warning: files left behind:
	constcl59.test:	outfile.txt outfile.txt~
constcl60.test
---- input-5.0 start
Warning: files left behind:
	constcl60.test:	outfile.txt outfile.txt~
constcl61.test
---- eval-1.0 start
---- eval-1.2 start
Warning: files left behind:
	constcl61.test:	outfile.txt outfile.txt~
constcl62.test
---- eval-2.0 start
Warning: files left behind:
	constcl62.test:	outfile.txt outfile.txt~
constcl63.test
---- eval-3.0 start
Warning: files left behind:
	constcl63.test:	outfile.txt outfile.txt~
constcl64.test
---- eval-4.0 start
---- eval-4.1 start
Warning: files left behind:
	constcl64.test:	outfile.txt outfile.txt~
constcl65.test
---- eval-5.0 start
---- eval-5.1 start
---- eval-5.2 start
---- eval-5.3 start
Warning: files left behind:
	constcl65.test:	outfile.txt outfile.txt~
constcl66.test
---- eval-6.0 start
---- eval-6.1 start
---- eval-6.2 start
---- eval-6.3 start
---- eval-6.4 start
---- eval-6.5 start
---- eval-6.6 start
Warning: files left behind:
	constcl66.test:	outfile.txt outfile.txt~
constcl67.test
---- eval-7.0 start
---- eval-7.1 start
Warning: files left behind:
	constcl67.test:	outfile.txt outfile.txt~
constcl68.test
---- eval-8.0 start
---- eval-8.1 start
---- eval-8.2 start
---- eval-8.3 start
---- eval-8.4 start
Warning: files left behind:
	constcl68.test:	outfile.txt outfile.txt~
constcl69.test
---- eval-9.0 start
---- eval-9.1 start
---- eval-9.2 start
Warning: files left behind:
	constcl69.test:	outfile.txt outfile.txt~
constcl70.test
---- eval-10.0 start
Warning: files left behind:
	constcl70.test:	outfile.txt outfile.txt~
constcl71.test
---- eval-11.0 start
Warning: files left behind:
	constcl71.test:	outfile.txt outfile.txt~
constcl72.test
---- eval-12.0 start
---- eval-12.1 start


/mnt/c/Users/plewe/Documents/GitHub/ConsTcl1/tests/constcl72.test:10: error: test failed: eval-12.1 try triggering a check
==== eval-12.1 try triggering a check FAILED
==== Contents of test case:

    ::constcl::invoke ${::#NIL} [list ${::#NIL} ${::#NIL}]

---- Result was:
PROCEDURE expected
(nil val ...)
---- Result should have been (exact matching):
PROCEDURE expected
(() val ...)
==== eval-12.1 FAILED

---- eval-13.3 start
---- eval-13.4 start
---- eval-13.5 start
---- eval-13.7 start
---- eval-13.8 start
---- eval-13.9 start
Warning: files left behind:
	constcl72.test:	outfile.txt outfile.txt~
constcl73.test
---- eval-14.0 start
---- eval-14.1 start
---- eval-14.2 start
Warning: files left behind:
	constcl73.test:	outfile.txt outfile.txt~
constcl74.test
---- eval-15.0 start
---- eval-15.1 start
Warning: files left behind:
	constcl74.test:	outfile.txt outfile.txt~
constcl75.test
---- eval-16.0 start
---- eval-16.1 start
Warning: files left behind:
	constcl75.test:	outfile.txt outfile.txt~
constcl76.test
---- macros-2.0 start
---- macros-2.1 start
Warning: files left behind:
	constcl76.test:	outfile.txt outfile.txt~
constcl77.test
---- macros-6.0 start
---- macros-6.1 start


/mnt/c/Users/plewe/Documents/GitHub/ConsTcl1/tests/constcl77.test:11: error: test failed: macros-6.1 try run del!
==== macros-6.1 try run del! FAILED
==== Contents of test case:

  unbind [S plist]
  pew {(define plist (list 'a 1 'b 2 'c 3))}
  pew {(del! plist 'a)}

---- Test generated error; Return code was: 1
---- Return code should have been one of: 0 2
---- errorInfo: unbound symbol (delete!)
    while executing
"::error $msg"
    (procedure "error" line 9)
    invoked from within
"error "unbound symbol" $op"
    (procedure "eval-form" line 8)
    invoked from within
"eval-form $expr $env"
    (procedure "eval" line 7)
    invoked from within
"eval [cadr $args] $env"
    (procedure "::constcl::special-set!" line 4)
    invoked from within
"$hinfo $expr $env"
    (procedure "eval-form" line 11)
    invoked from within
"eval-form $expr $env"
    (procedure "eval" line 7)
    invoked from within
"eval [$hinfo $expr $env] $env"
    (procedure "eval-form" line 17)
    invoked from within
"eval-form $expr $env"
    (procedure "::constcl::eval" line 7)
    invoked from within
"::constcl::eval [parse $str] $env"
    (procedure "pew" line 3)
    invoked from within
"pew {(del! plist 'a)}"
    ("uplevel" body line 4)
    invoked from within
"uplevel 1 $script"
---- errorCode: NONE
==== macros-6.1 FAILED

---- macros-6.2 start


/mnt/c/Users/plewe/Documents/GitHub/ConsTcl1/tests/constcl77.test:17: error: test failed: macros-6.2 try run del!
==== macros-6.2 try run del! FAILED
==== Contents of test case:

  unbind [S plist]
  pew {(define plist (list 'a 1 'b 2 'c 3))}
  pew {(del! plist 'b)}

---- Test generated error; Return code was: 1
---- Return code should have been one of: 0 2
---- errorInfo: unbound symbol (delete!)
    while executing
"::error $msg"
    (procedure "error" line 9)
    invoked from within
"error "unbound symbol" $op"
    (procedure "eval-form" line 8)
    invoked from within
"eval-form $expr $env"
    (procedure "eval" line 7)
    invoked from within
"eval [cadr $args] $env"
    (procedure "::constcl::special-set!" line 4)
    invoked from within
"$hinfo $expr $env"
    (procedure "eval-form" line 11)
    invoked from within
"eval-form $expr $env"
    (procedure "eval" line 7)
    invoked from within
"eval [$hinfo $expr $env] $env"
    (procedure "eval-form" line 17)
    invoked from within
"eval-form $expr $env"
    (procedure "::constcl::eval" line 7)
    invoked from within
"::constcl::eval [parse $str] $env"
    (procedure "pew" line 3)
    invoked from within
"pew {(del! plist 'b)}"
    ("uplevel" body line 4)
    invoked from within
"uplevel 1 $script"
---- errorCode: NONE
==== macros-6.2 FAILED

---- macros-6.3 start


/mnt/c/Users/plewe/Documents/GitHub/ConsTcl1/tests/constcl77.test:23: error: test failed: macros-6.3 try run del!
==== macros-6.3 try run del! FAILED
==== Contents of test case:

  unbind [S plist]
  pew {(define plist (list 'a 1 'b 2 'c 3))}
  pew {(del! plist 'c)}

---- Test generated error; Return code was: 1
---- Return code should have been one of: 0 2
---- errorInfo: unbound symbol (delete!)
    while executing
"::error $msg"
    (procedure "error" line 9)
    invoked from within
"error "unbound symbol" $op"
    (procedure "eval-form" line 8)
    invoked from within
"eval-form $expr $env"
    (procedure "eval" line 7)
    invoked from within
"eval [cadr $args] $env"
    (procedure "::constcl::special-set!" line 4)
    invoked from within
"$hinfo $expr $env"
    (procedure "eval-form" line 11)
    invoked from within
"eval-form $expr $env"
    (procedure "eval" line 7)
    invoked from within
"eval [$hinfo $expr $env] $env"
    (procedure "eval-form" line 17)
    invoked from within
"eval-form $expr $env"
    (procedure "::constcl::eval" line 7)
    invoked from within
"::constcl::eval [parse $str] $env"
    (procedure "pew" line 3)
    invoked from within
"pew {(del! plist 'c)}"
    ("uplevel" body line 4)
    invoked from within
"uplevel 1 $script"
---- errorCode: NONE
==== macros-6.3 FAILED

---- macros-6.4 start


/mnt/c/Users/plewe/Documents/GitHub/ConsTcl1/tests/constcl77.test:29: error: test failed: macros-6.4 try run del!
==== macros-6.4 try run del! FAILED
==== Contents of test case:

  unbind [S plist]
  pew {(define plist (list 'a 1 'b 2 'c 3))}
  pew {(del! plist 'd)}

---- Test generated error; Return code was: 1
---- Return code should have been one of: 0 2
---- errorInfo: unbound symbol (delete!)
    while executing
"::error $msg"
    (procedure "error" line 9)
    invoked from within
"error "unbound symbol" $op"
    (procedure "eval-form" line 8)
    invoked from within
"eval-form $expr $env"
    (procedure "eval" line 7)
    invoked from within
"eval [cadr $args] $env"
    (procedure "::constcl::special-set!" line 4)
    invoked from within
"$hinfo $expr $env"
    (procedure "eval-form" line 11)
    invoked from within
"eval-form $expr $env"
    (procedure "eval" line 7)
    invoked from within
"eval [$hinfo $expr $env] $env"
    (procedure "eval-form" line 17)
    invoked from within
"eval-form $expr $env"
    (procedure "::constcl::eval" line 7)
    invoked from within
"::constcl::eval [parse $str] $env"
    (procedure "pew" line 3)
    invoked from within
"pew {(del! plist 'd)}"
    ("uplevel" body line 4)
    invoked from within
"uplevel 1 $script"
---- errorCode: NONE
==== macros-6.4 FAILED

Warning: files left behind:
	constcl77.test:	outfile.txt outfile.txt~
constcl78.test
---- macros-7.0 start
---- macros-7.1 start
---- macros-7.2 start
---- macros-7.3 start
Warning: files left behind:
	constcl78.test:	outfile.txt outfile.txt~
constcl79.test
---- macros-8.0 start
Warning: files left behind:
	constcl79.test:	outfile.txt outfile.txt~
constcl80.test
---- macros-9.0 start
---- macros-9.1 start
---- macros-9.2 start
---- macros-9.3 start
---- macros-9.4 start
---- macros-9.5 start
---- macros-9.6 start
---- macros-9.7 start
Warning: files left behind:
	constcl80.test:	outfile.txt outfile.txt~
constcl81.test
---- macros-10.0 start
---- macros-12.2 start
Warning: files left behind:
	constcl81.test:	outfile.txt outfile.txt~
constcl82.test
---- macros-13.0 start
---- macros-13.1 start
---- macros-13.2 start
Warning: files left behind:
	constcl82.test:	outfile.txt outfile.txt~
constcl83.test
---- macros-14.0 start
Warning: files left behind:
	constcl83.test:	outfile.txt outfile.txt~
constcl84.test
---- macros-15.0 start
---- macros-15.1 start


/mnt/c/Users/plewe/Documents/GitHub/ConsTcl1/tests/constcl84.test:10: error: test failed: macros-15.1 run put!
==== macros-15.1 run put! FAILED
==== Contents of test case:

    pew "(define plst (list 'a 1 'b 2 'c 3 'd 4 'e 5))"
    pew "(put! plst 'c 7)"
    pew "(put! plst 'f 6)"
    pew "plst"

---- Test generated error; Return code was: 1
---- Return code should have been one of: 0 2
---- errorInfo: unbound symbol (list-find-key)
    while executing
"::error $msg"
    (procedure "error" line 9)
    invoked from within
"error "unbound symbol" $op"
    (procedure "eval-form" line 8)
    invoked from within
"eval-form $expr $env"
    (procedure "eval" line 7)
    invoked from within
"eval [car $exps] $env"
    (procedure "eval-list" line 3)
    invoked from within
"eval-list $args $env"
    (procedure "eval-form" line 24)
    invoked from within
"eval-form $expr $env"
    (procedure "eval" line 7)
    invoked from within
"eval $expr $env"
    (procedure "::constcl::special-let" line 6)
    invoked from within
"$hinfo $expr $env"
    (procedure "eval-form" line 11)
    invoked from within
"eval-form $expr $env"
    (procedure "eval" line 7)
    invoked from within
"eval [$hinfo $expr $env] $env"
    (procedure "eval-form" line 17)
    invoked from within
"eval-form $expr $env"
    (procedure "::constcl::eval" line 7)
    invoked from within
"::constcl::eval [parse $str] $env"
    (procedure "pew" line 3)
    invoked from within
"pew "(put! plst 'c 7)""
    ("uplevel" body line 3)
    invoked from within
"uplevel 1 $script"
---- errorCode: NONE
==== macros-15.1 FAILED

---- macros-15.2 start
Warning: files left behind:
	constcl84.test:	outfile.txt outfile.txt~
constcl85.test
---- macros-16.0 start
---- macros-16.1 start
---- macros-16.2 start
Warning: files left behind:
	constcl85.test:	outfile.txt outfile.txt~
constcl86.test
---- macros-17.0 start
---- macros-17.1 start
---- macros-18.2 start
---- macros-18.3 start
Warning: files left behind:
	constcl86.test:	outfile.txt outfile.txt~
constcl87.test
---- rld-1.0 start
---- rld-1.1 start
---- rld-1.2 start
---- rld-1.3 start
---- rld-1.4 start
Warning: files left behind:
	constcl87.test:	outfile.txt outfile.txt~
constcl88.test
---- write-1.0 start
---- write-1.1 start
---- write-1.2 start
---- write-1.3 start
Warning: files left behind:
	constcl88.test:	outfile.txt outfile.txt~
constcl89.test
---- equipred-1.0 start
---- equipred-1.1 start
Warning: files left behind:
	constcl89.test:	outfile.txt outfile.txt~
constcl90.test
---- numbers-1.0 start
---- numbers-1.1 start
---- numbers-1.2 start
Warning: files left behind:
	constcl90.test:	outfile.txt outfile.txt~
constcl91.test
---- numbers-2.0 start
---- numbers-2.1 start
Warning: files left behind:
	constcl91.test:	outfile.txt outfile.txt~
constcl92.test
---- numbers-3.0 start
Warning: files left behind:
	constcl92.test:	outfile.txt outfile.txt~
constcl93.test
---- numbers-4.0 start
Warning: files left behind:
	constcl93.test:	outfile.txt outfile.txt~
constcl94.test
---- numbers-5.0 start
Warning: files left behind:
	constcl94.test:	outfile.txt outfile.txt~
constcl95.test
---- numbers-6.0 start
Warning: files left behind:
	constcl95.test:	outfile.txt outfile.txt~
constcl96.test
---- numbers-7.0 start
---- numbers-7.1 start
Warning: files left behind:
	constcl96.test:	outfile.txt outfile.txt~
constcl97.test
---- numbers-8.0 start
Warning: files left behind:
	constcl97.test:	outfile.txt outfile.txt~
constcl98.test
---- numbers-9.0 start
Warning: files left behind:
	constcl98.test:	outfile.txt outfile.txt~
constcl99.test
---- numbers-10.0 start
Warning: files left behind:
	constcl99.test:	outfile.txt outfile.txt~

Tests ended at Tue Feb 10 21:23:08 CET 2026
all.tcl:	Total	328	Passed	297	Skipped	0	Failed	31
Sourced 145 Test Files.
Files with failing tests: constcl01.test constcl02.test constcl03.test constcl04.test constcl05.test constcl06.test constcl07.test constcl08.test constcl09.test constcl129.test constcl131.test constcl20.test constcl31.test constcl42.test constcl44.test constcl47.test constcl49.test constcl72.test constcl77.test constcl84.test
